# JRE version: OpenJDK Runtime Environment (17.0.2+8) (build 17.0.2+8-86)
# Java VM: OpenJDK 64-Bit Server VM (17.0.2+8-86, mixed mode, sharing, tiered, compressed oops, compressed class ptrs, g1 gc, windows-amd64)
GC Precious Log:
 CPUs: 8 total, 8 available
 Memory: 24343M
 Large Page Support: Disabled
 NUMA Support: Disabled
 Compressed Oops: Enabled (32-bit)
 Heap Region Size: 1M
 Heap Min Capacity: 256M
 Heap Initial Capacity: 256M
 Heap Max Capacity: 512M
 Pre-touch: Disabled
 Parallel Workers: 8
 Concurrent Workers: 2
 Concurrent Refinement Workers: 8
 Periodic GC: Disabled
Heap:
 garbage-first heap   total 406528K, used 207971K [0x00000000e0000000, 0x0000000100000000)
  region size 1024K, 51 young (52224K), 2 survivors (2048K)
 Metaspace       used 80271K, committed 81024K, reserved 389120K
  class space    used 10698K, committed 11072K, reserved 315392K
GC Heap History (20 events):
Event: 67.285 GC heap before
{Heap before GC invocations=77 (full 0):
 garbage-first heap   total 339968K, used 269113K [0x00000000e0000000, 0x0000000100000000)
  region size 1024K, 98 young (100352K), 2 survivors (2048K)
 Metaspace       used 79117K, committed 79872K, reserved 389120K
  class space    used 10662K, committed 11008K, reserved 315392K
}
Event: 67.295 GC heap after
{Heap after GC invocations=78 (full 0):
 garbage-first heap   total 406528K, used 188416K [0x00000000e0000000, 0x0000000100000000)
  region size 1024K, 13 young (13312K), 13 survivors (13312K)
 Metaspace       used 79117K, committed 79872K, reserved 389120K
  class space    used 10662K, committed 11008K, reserved 315392K
}
Event: 67.507 GC heap before
{Heap before GC invocations=78 (full 0):
 garbage-first heap   total 406528K, used 312320K [0x00000000e0000000, 0x0000000100000000)
  region size 1024K, 134 young (137216K), 13 survivors (13312K)
 Metaspace       used 79117K, committed 79872K, reserved 389120K
  class space    used 10662K, committed 11008K, reserved 315392K
}
Event: 67.517 GC heap after
{Heap after GC invocations=79 (full 0):
 garbage-first heap   total 406528K, used 203572K [0x00000000e0000000, 0x0000000100000000)
  region size 1024K, 14 young (14336K), 14 survivors (14336K)
 Metaspace       used 79117K, committed 79872K, reserved 389120K
  class space    used 10662K, committed 11008K, reserved 315392K
}
Event: 67.976 GC heap before
{Heap before GC invocations=79 (full 0):
 garbage-first heap   total 406528K, used 319284K [0x00000000e0000000, 0x0000000100000000)
  region size 1024K, 127 young (130048K), 14 survivors (14336K)
 Metaspace       used 79129K, committed 79936K, reserved 389120K
  class space    used 10663K, committed 11008K, reserved 315392K
}
Event: 67.982 GC heap after
{Heap after GC invocations=80 (full 0):
 garbage-first heap   total 406528K, used 211535K [0x00000000e0000000, 0x0000000100000000)
  region size 1024K, 8 young (8192K), 8 survivors (8192K)
 Metaspace       used 79129K, committed 79936K, reserved 389120K
  class space    used 10663K, committed 11008K, reserved 315392K
}
Event: 68.321 GC heap before
{Heap before GC invocations=81 (full 0):
 garbage-first heap   total 406528K, used 309839K [0x00000000e0000000, 0x0000000100000000)
  region size 1024K, 119 young (121856K), 8 survivors (8192K)
 Metaspace       used 79142K, committed 79936K, reserved 389120K
  class space    used 10663K, committed 11008K, reserved 315392K
}
Event: 68.326 GC heap after
{Heap after GC invocations=82 (full 0):
 garbage-first heap   total 406528K, used 197627K [0x00000000e0000000, 0x0000000100000000)
  region size 1024K, 10 young (10240K), 10 survivors (10240K)
 Metaspace       used 79142K, committed 79936K, reserved 389120K
  class space    used 10663K, committed 11008K, reserved 315392K
}
Event: 68.335 GC heap before
{Heap before GC invocations=82 (full 0):
 garbage-first heap   total 406528K, used 206843K [0x00000000e0000000, 0x0000000100000000)
  region size 1024K, 19 young (19456K), 10 survivors (10240K)
 Metaspace       used 79142K, committed 79936K, reserved 389120K
  class space    used 10663K, committed 11008K, reserved 315392K
}
Event: 68.341 GC heap after
{Heap after GC invocations=83 (full 0):
 garbage-first heap   total 406528K, used 181421K [0x00000000e0000000, 0x0000000100000000)
  region size 1024K, 2 young (2048K), 2 survivors (2048K)
 Metaspace       used 79142K, committed 79936K, reserved 389120K
  class space    used 10663K, committed 11008K, reserved 315392K
}
Event: 68.648 GC heap before
{Heap before GC invocations=83 (full 0):
 garbage-first heap   total 406528K, used 320685K [0x00000000e0000000, 0x0000000100000000)
  region size 1024K, 139 young (142336K), 2 survivors (2048K)
 Metaspace       used 79185K, committed 79936K, reserved 389120K
  class space    used 10663K, committed 11008K, reserved 315392K
}
Event: 68.652 GC heap after
{Heap after GC invocations=84 (full 0):
 garbage-first heap   total 406528K, used 187639K [0x00000000e0000000, 0x0000000100000000)
  region size 1024K, 8 young (8192K), 8 survivors (8192K)
 Metaspace       used 79185K, committed 79936K, reserved 389120K
  class space    used 10663K, committed 11008K, reserved 315392K
}
Event: 70.949 GC heap before
{Heap before GC invocations=84 (full 0):
 garbage-first heap   total 406528K, used 325879K [0x00000000e0000000, 0x0000000100000000)
  region size 1024K, 143 young (146432K), 8 survivors (8192K)
 Metaspace       used 79299K, committed 80064K, reserved 389120K
  class space    used 10663K, committed 11008K, reserved 315392K
}
Event: 70.952 GC heap after
{Heap after GC invocations=85 (full 0):
 garbage-first heap   total 406528K, used 184649K [0x00000000e0000000, 0x0000000100000000)
  region size 1024K, 5 young (5120K), 5 survivors (5120K)
 Metaspace       used 79299K, committed 80064K, reserved 389120K
  class space    used 10663K, committed 11008K, reserved 315392K
}
Event: 75.167 GC heap before
{Heap before GC invocations=85 (full 0):
 garbage-first heap   total 406528K, used 330057K [0x00000000e0000000, 0x0000000100000000)
  region size 1024K, 148 young (151552K), 5 survivors (5120K)
 Metaspace       used 79420K, committed 80128K, reserved 389120K
  class space    used 10675K, committed 11008K, reserved 315392K
}
Event: 75.171 GC heap after
{Heap after GC invocations=86 (full 0):
 garbage-first heap   total 406528K, used 187384K [0x00000000e0000000, 0x0000000100000000)
  region size 1024K, 8 young (8192K), 8 survivors (8192K)
 Metaspace       used 79420K, committed 80128K, reserved 389120K
  class space    used 10675K, committed 11008K, reserved 315392K
}
Event: 77.511 GC heap before
{Heap before GC invocations=87 (full 0):
 garbage-first heap   total 406528K, used 318456K [0x00000000e0000000, 0x0000000100000000)
  region size 1024K, 154 young (157696K), 8 survivors (8192K)
 Metaspace       used 80128K, committed 80896K, reserved 389120K
  class space    used 10691K, committed 11072K, reserved 315392K
}
Event: 77.521 GC heap after
{Heap after GC invocations=88 (full 0):
 garbage-first heap   total 406528K, used 177322K [0x00000000e0000000, 0x0000000100000000)
  region size 1024K, 15 young (15360K), 15 survivors (15360K)
 Metaspace       used 80128K, committed 80896K, reserved 389120K
  class space    used 10691K, committed 11072K, reserved 315392K
}
Event: 77.539 GC heap before
{Heap before GC invocations=88 (full 0):
 garbage-first heap   total 406528K, used 181418K [0x00000000e0000000, 0x0000000100000000)
  region size 1024K, 19 young (19456K), 15 survivors (15360K)
 Metaspace       used 80138K, committed 80896K, reserved 389120K
  class space    used 10691K, committed 11072K, reserved 315392K
}
Event: 77.550 GC heap after
{Heap after GC invocations=89 (full 0):
 garbage-first heap   total 406528K, used 158819K [0x00000000e0000000, 0x0000000100000000)
  region size 1024K, 2 young (2048K), 2 survivors (2048K)
 Metaspace       used 80138K, committed 80896K, reserved 389120K
  class space    used 10691K, committed 11072K, reserved 315392K
}

