# JRE version: OpenJDK Runtime Environment (17.0.2+8) (build 17.0.2+8-86)
# Java VM: OpenJDK 64-Bit Server VM (17.0.2+8-86, mixed mode, sharing, tiered, compressed oops, compressed class ptrs, g1 gc, windows-amd64)
GC Precious Log:
 CPUs: 8 total, 8 available
 Memory: 24343M
 Large Page Support: Disabled
 NUMA Support: Disabled
 Compressed Oops: Enabled (32-bit)
 Heap Region Size: 1M
 Heap Min Capacity: 256M
 Heap Initial Capacity: 256M
 Heap Max Capacity: 512M
 Pre-touch: Disabled
 Parallel Workers: 8
 Concurrent Workers: 2
 Concurrent Refinement Workers: 8
 Periodic GC: Disabled
Heap:
 garbage-first heap   total 262144K, used 139136K [0x00000000e0000000, 0x0000000100000000)
  region size 1024K, 108 young (110592K), 1 survivors (1024K)
 Metaspace       used 34030K, committed 34432K, reserved 348160K
  class space    used 4858K, committed 5056K, reserved 315392K
GC Heap History (8 events):
Event: 3.339 GC heap before
{Heap before GC invocations=0 (full 0):
 garbage-first heap   total 262144K, used 26624K [0x00000000e0000000, 0x0000000100000000)
  region size 1024K, 23 young (23552K), 0 survivors (0K)
 Metaspace       used 3031K, committed 3200K, reserved 323584K
  class space    used 383K, committed 448K, reserved 315392K
}
Event: 3.366 GC heap after
{Heap after GC invocations=1 (full 0):
 garbage-first heap   total 262144K, used 10401K [0x00000000e0000000, 0x0000000100000000)
  region size 1024K, 3 young (3072K), 3 survivors (3072K)
 Metaspace       used 3031K, committed 3200K, reserved 323584K
  class space    used 383K, committed 448K, reserved 315392K
}
Event: 4.437 GC heap before
{Heap before GC invocations=1 (full 0):
 garbage-first heap   total 262144K, used 36001K [0x00000000e0000000, 0x0000000100000000)
  region size 1024K, 28 young (28672K), 3 survivors (3072K)
 Metaspace       used 3986K, committed 4160K, reserved 323584K
  class space    used 489K, committed 576K, reserved 315392K
}
Event: 4.441 GC heap after
{Heap after GC invocations=2 (full 0):
 garbage-first heap   total 262144K, used 11279K [0x00000000e0000000, 0x0000000100000000)
  region size 1024K, 1 young (1024K), 1 survivors (1024K)
 Metaspace       used 3986K, committed 4160K, reserved 323584K
  class space    used 489K, committed 576K, reserved 315392K
}
Event: 9.929 GC heap before
{Heap before GC invocations=2 (full 0):
 garbage-first heap   total 262144K, used 123919K [0x00000000e0000000, 0x0000000100000000)
  region size 1024K, 110 young (112640K), 1 survivors (1024K)
 Metaspace       used 20032K, committed 20352K, reserved 339968K
  class space    used 2916K, committed 3072K, reserved 315392K
}
Event: 9.943 GC heap after
{Heap after GC invocations=3 (full 0):
 garbage-first heap   total 262144K, used 21894K [0x00000000e0000000, 0x0000000100000000)
  region size 1024K, 12 young (12288K), 12 survivors (12288K)
 Metaspace       used 20032K, committed 20352K, reserved 339968K
  class space    used 2916K, committed 3072K, reserved 315392K
}
Event: 10.284 GC heap before
{Heap before GC invocations=3 (full 0):
 garbage-first heap   total 262144K, used 30086K [0x00000000e0000000, 0x0000000100000000)
  region size 1024K, 21 young (21504K), 12 survivors (12288K)
 Metaspace       used 21254K, committed 21504K, reserved 339968K
  class space    used 3123K, committed 3264K, reserved 315392K
}
Event: 10.294 GC heap after
{Heap after GC invocations=4 (full 0):
 garbage-first heap   total 262144K, used 23424K [0x00000000e0000000, 0x0000000100000000)
  region size 1024K, 1 young (1024K), 1 survivors (1024K)
 Metaspace       used 21254K, committed 21504K, reserved 339968K
  class space    used 3123K, committed 3264K, reserved 315392K
}

