# JRE version: OpenJDK Runtime Environment (17.0.2+8) (build 17.0.2+8-86)
# Java VM: OpenJDK 64-Bit Server VM (17.0.2+8-86, mixed mode, sharing, tiered, compressed oops, compressed class ptrs, g1 gc, windows-amd64)
GC Precious Log:
 CPUs: 8 total, 8 available
 Memory: 24343M
 Large Page Support: Disabled
 NUMA Support: Disabled
 Compressed Oops: Enabled (32-bit)
 Heap Region Size: 1M
 Heap Min Capacity: 256M
 Heap Initial Capacity: 256M
 Heap Max Capacity: 512M
 Pre-touch: Disabled
 Parallel Workers: 8
 Concurrent Workers: 2
 Concurrent Refinement Workers: 8
 Periodic GC: Disabled
Heap:
 garbage-first heap   total 265216K, used 163378K [0x00000000e0000000, 0x0000000100000000)
  region size 1024K, 18 young (18432K), 2 survivors (2048K)
 Metaspace       used 83187K, committed 84032K, reserved 389120K
  class space    used 11109K, committed 11520K, reserved 315392K
GC Heap History (20 events):
Event: 105.462 GC heap before
{Heap before GC invocations=18 (full 0):
 garbage-first heap   total 262144K, used 212308K [0x00000000e0000000, 0x0000000100000000)
  region size 1024K, 96 young (98304K), 9 survivors (9216K)
 Metaspace       used 76342K, committed 77120K, reserved 389120K
  class space    used 10332K, committed 10688K, reserved 315392K
}
Event: 105.473 GC heap after
{Heap after GC invocations=19 (full 0):
 garbage-first heap   total 262144K, used 128446K [0x00000000e0000000, 0x0000000100000000)
  region size 1024K, 6 young (6144K), 6 survivors (6144K)
 Metaspace       used 76342K, committed 77120K, reserved 389120K
  class space    used 10332K, committed 10688K, reserved 315392K
}
Event: 111.485 GC heap before
{Heap before GC invocations=19 (full 0):
 garbage-first heap   total 262144K, used 214462K [0x00000000e0000000, 0x0000000100000000)
  region size 1024K, 91 young (93184K), 6 survivors (6144K)
 Metaspace       used 77054K, committed 77824K, reserved 389120K
  class space    used 10389K, committed 10752K, reserved 315392K
}
Event: 111.492 GC heap after
{Heap after GC invocations=20 (full 0):
 garbage-first heap   total 262144K, used 133267K [0x00000000e0000000, 0x0000000100000000)
  region size 1024K, 11 young (11264K), 11 survivors (11264K)
 Metaspace       used 77054K, committed 77824K, reserved 389120K
  class space    used 10389K, committed 10752K, reserved 315392K
}
Event: 123.260 GC heap before
{Heap before GC invocations=21 (full 0):
 garbage-first heap   total 262144K, used 216211K [0x00000000e0000000, 0x0000000100000000)
  region size 1024K, 92 young (94208K), 11 survivors (11264K)
 Metaspace       used 78396K, committed 79232K, reserved 389120K
  class space    used 10537K, committed 10944K, reserved 315392K
}
Event: 123.267 GC heap after
{Heap after GC invocations=22 (full 0):
 garbage-first heap   total 262144K, used 134593K [0x00000000e0000000, 0x0000000100000000)
  region size 1024K, 9 young (9216K), 9 survivors (9216K)
 Metaspace       used 78396K, committed 79232K, reserved 389120K
  class space    used 10537K, committed 10944K, reserved 315392K
}
Event: 123.283 GC heap before
{Heap before GC invocations=22 (full 0):
 garbage-first heap   total 262144K, used 136641K [0x00000000e0000000, 0x0000000100000000)
  region size 1024K, 12 young (12288K), 9 survivors (9216K)
 Metaspace       used 78722K, committed 79488K, reserved 389120K
  class space    used 10588K, committed 10944K, reserved 315392K
}
Event: 123.289 GC heap after
{Heap after GC invocations=23 (full 0):
 garbage-first heap   total 262144K, used 134662K [0x00000000e0000000, 0x0000000100000000)
  region size 1024K, 2 young (2048K), 2 survivors (2048K)
 Metaspace       used 78722K, committed 79488K, reserved 389120K
  class space    used 10588K, committed 10944K, reserved 315392K
}
Event: 123.511 GC heap before
{Heap before GC invocations=23 (full 0):
 garbage-first heap   total 262144K, used 148998K [0x00000000e0000000, 0x0000000100000000)
  region size 1024K, 17 young (17408K), 2 survivors (2048K)
 Metaspace       used 79326K, committed 80128K, reserved 389120K
  class space    used 10656K, committed 11072K, reserved 315392K
}
Event: 123.516 GC heap after
{Heap after GC invocations=24 (full 0):
 garbage-first heap   total 262144K, used 135608K [0x00000000e0000000, 0x0000000100000000)
  region size 1024K, 3 young (3072K), 3 survivors (3072K)
 Metaspace       used 79326K, committed 80128K, reserved 389120K
  class space    used 10656K, committed 11072K, reserved 315392K
}
Event: 220.059 GC heap before
{Heap before GC invocations=25 (full 0):
 garbage-first heap   total 262144K, used 216504K [0x00000000e0000000, 0x0000000100000000)
  region size 1024K, 82 young (83968K), 3 survivors (3072K)
 Metaspace       used 82802K, committed 83584K, reserved 389120K
  class space    used 11106K, committed 11520K, reserved 315392K
}
Event: 220.068 GC heap after
{Heap after GC invocations=26 (full 0):
 garbage-first heap   total 262144K, used 144852K [0x00000000e0000000, 0x0000000100000000)
  region size 1024K, 11 young (11264K), 11 survivors (11264K)
 Metaspace       used 82802K, committed 83584K, reserved 389120K
  class space    used 11106K, committed 11520K, reserved 315392K
}
Event: 220.084 GC heap before
{Heap before GC invocations=26 (full 0):
 garbage-first heap   total 262144K, used 145876K [0x00000000e0000000, 0x0000000100000000)
  region size 1024K, 12 young (12288K), 11 survivors (11264K)
 Metaspace       used 82813K, committed 83648K, reserved 389120K
  class space    used 11106K, committed 11520K, reserved 315392K
}
Event: 220.090 GC heap after
{Heap after GC invocations=27 (full 0):
 garbage-first heap   total 262144K, used 144259K [0x00000000e0000000, 0x0000000100000000)
  region size 1024K, 2 young (2048K), 2 survivors (2048K)
 Metaspace       used 82813K, committed 83648K, reserved 389120K
  class space    used 11106K, committed 11520K, reserved 315392K
}
Event: 220.874 GC heap before
{Heap before GC invocations=27 (full 0):
 garbage-first heap   total 262144K, used 215939K [0x00000000e0000000, 0x0000000100000000)
  region size 1024K, 72 young (73728K), 2 survivors (2048K)
 Metaspace       used 83028K, committed 83840K, reserved 389120K
  class space    used 11108K, committed 11520K, reserved 315392K
}
Event: 220.883 GC heap after
{Heap after GC invocations=28 (full 0):
 garbage-first heap   total 262144K, used 153779K [0x00000000e0000000, 0x0000000100000000)
  region size 1024K, 9 young (9216K), 9 survivors (9216K)
 Metaspace       used 83028K, committed 83840K, reserved 389120K
  class space    used 11108K, committed 11520K, reserved 315392K
}
Event: 221.503 GC heap before
{Heap before GC invocations=29 (full 0):
 garbage-first heap   total 265216K, used 212147K [0x00000000e0000000, 0x0000000100000000)
  region size 1024K, 68 young (69632K), 9 survivors (9216K)
 Metaspace       used 83152K, committed 84032K, reserved 389120K
  class space    used 11109K, committed 11520K, reserved 315392K
}
Event: 221.513 GC heap after
{Heap after GC invocations=30 (full 0):
 garbage-first heap   total 265216K, used 159738K [0x00000000e0000000, 0x0000000100000000)
  region size 1024K, 8 young (8192K), 8 survivors (8192K)
 Metaspace       used 83152K, committed 84032K, reserved 389120K
  class space    used 11109K, committed 11520K, reserved 315392K
}
Event: 221.541 GC heap before
{Heap before GC invocations=30 (full 0):
 garbage-first heap   total 265216K, used 163834K [0x00000000e0000000, 0x0000000100000000)
  region size 1024K, 12 young (12288K), 8 survivors (8192K)
 Metaspace       used 83158K, committed 84032K, reserved 389120K
  class space    used 11109K, committed 11520K, reserved 315392K
}
Event: 221.546 GC heap after
{Heap after GC invocations=31 (full 0):
 garbage-first heap   total 265216K, used 148018K [0x00000000e0000000, 0x0000000100000000)
  region size 1024K, 2 young (2048K), 2 survivors (2048K)
 Metaspace       used 83158K, committed 84032K, reserved 389120K
  class space    used 11109K, committed 11520K, reserved 315392K
}

